Activity log
Log at Thu May 15 05:18:58 SEAST 2025
Commit 1 at Thu May 15 05:20:43 SEAST 2025
Commit 2 at Thu May 15 05:20:46 SEAST 2025
Commit 3 at Thu May 15 05:20:51 SEAST 2025
Commit 4 at Thu May 15 05:20:57 SEAST 2025
Commit 5 at Thu May 15 05:21:00 SEAST 2025
Commit 6 at Thu May 15 05:21:06 SEAST 2025
Commit 7 at Thu May 15 05:21:08 SEAST 2025
Commit 8 at Thu May 15 05:21:14 SEAST 2025
Commit 9 at Thu May 15 05:21:15 SEAST 2025
Commit 1 at Thu May 15 05:23:35 SEAST 2025
Commit 2 at Thu May 15 05:23:40 SEAST 2025
Commit 1 at Thu May 15 05:25:32 SEAST 2025
Commit 2 at Thu May 15 05:25:37 SEAST 2025
Commit 3 at Thu May 15 05:25:43 SEAST 2025
Commit 4 at Thu May 15 05:25:45 SEAST 2025
Commit 5 at Thu May 15 05:25:51 SEAST 2025
Commit 6 at Thu May 15 05:25:52 SEAST 2025
Commit 7 at Thu May 15 05:25:54 SEAST 2025
Commit 8 at Thu May 15 05:25:55 SEAST 2025
Commit 9 at Thu May 15 05:25:58 SEAST 2025
Commit 1 at Thu May 15 05:31:02 SEAST 2025
Commit 2 at Thu May 15 05:31:06 SEAST 2025
Commit 3 at Thu May 15 05:31:11 SEAST 2025
Commit 4 at Thu May 15 05:31:13 SEAST 2025
Commit 1 at Thu May 15 05:33:26 SEAST 2025
Commit 1 at Thu May 15 05:33:34 SEAST 2025
Commit 1 at Thu May 15 05:34:05 SEAST 2025
Commit 1 at Thu May 15 05:34:24 SEAST 2025
Commit 1 at Thu May 15 05:34:29 SEAST 2025
Commit 1 at Thu May 15 05:49:49 SEAST 2025
Commit 2 at Thu May 15 05:49:52 SEAST 2025
Commit 3 at Thu May 15 05:49:55 SEAST 2025
Commit 4 at Thu May 15 05:50:01 SEAST 2025
Commit 5 at Thu May 15 05:50:02 SEAST 2025
Commit 6 at Thu May 15 05:50:07 SEAST 2025
Commit 7 at Thu May 15 05:50:11 SEAST 2025
Commit 8 at Thu May 15 05:50:15 SEAST 2025
Commit 9 at Thu May 15 05:50:18 SEAST 2025
Commit 10 at Thu May 15 05:50:21 SEAST 2025
Commit 1 at Fri May 16 18:07:24 SEAST 2025
Commit 1 at Fri May 16 18:33:52 SEAST 2025
Commit 2 at Fri May 16 18:33:54 SEAST 2025
Commit 3 at Fri May 16 18:33:55 SEAST 2025
Commit 4 at Fri May 16 18:33:59 SEAST 2025
Commit 1 at Fri May 16 22:17:35 SEAST 2025
Commit 2 at Fri May 16 22:17:41 SEAST 2025
Commit 3 at Fri May 16 22:17:43 SEAST 2025
Commit 4 at Fri May 16 22:17:46 SEAST 2025
Commit 5 at Fri May 16 22:17:49 SEAST 2025
Commit 6 at Fri May 16 22:17:55 SEAST 2025
Commit 1 at Fri May 16 22:17:58 SEAST 2025
Commit 7 at Fri May 16 22:17:59 SEAST 2025
Commit 2 at Fri May 16 22:18:01 SEAST 2025
Commit 3 at Fri May 16 22:18:03 SEAST 2025
Commit 4 at Fri May 16 22:18:09 SEAST 2025
Commit 5 at Fri May 16 22:18:15 SEAST 2025
Commit 6 at Fri May 16 22:18:16 SEAST 2025
Commit 7 at Fri May 16 22:18:19 SEAST 2025
Commit 8 at Fri May 16 22:18:21 SEAST 2025
Commit 1 at Sun May 18 16:54:40 SEAST 2025
Commit 2 at Sun May 18 16:54:44 SEAST 2025
Commit 3 at Sun May 18 16:54:48 SEAST 2025
Commit 4 at Sun May 18 16:54:50 SEAST 2025
Commit 1 at Sun May 18 16:56:14 SEAST 2025
Commit 2 at Sun May 18 16:56:17 SEAST 2025
Commit 3 at Sun May 18 16:56:18 SEAST 2025
Commit 4 at Sun May 18 16:56:20 SEAST 2025
Commit 5 at Sun May 18 16:56:24 SEAST 2025
Commit 6 at Sun May 18 16:56:26 SEAST 2025
Commit 7 at Sun May 18 16:56:31 SEAST 2025
Commit 8 at Sun May 18 16:56:36 SEAST 2025
Commit 9 at Sun May 18 16:56:38 SEAST 2025
Commit 10 at Sun May 18 16:56:39 SEAST 2025
Commit 1 at Sun May 18 17:01:18 SEAST 2025
Commit 2 at Sun May 18 17:01:21 SEAST 2025
Commit 3 at Sun May 18 17:01:26 SEAST 2025
Commit 4 at Sun May 18 17:01:28 SEAST 2025
Commit 5 at Sun May 18 17:01:31 SEAST 2025
Commit 6 at Sun May 18 17:01:32 SEAST 2025
Commit 7 at Sun May 18 17:01:34 SEAST 2025
Commit 8 at Sun May 18 17:01:38 SEAST 2025
Commit 9 at Sun May 18 17:01:40 SEAST 2025
Commit 10 at Sun May 18 17:01:46 SEAST 2025
Commit 1 at Mon May 19 06:47:43 SEAST 2025
Commit 2 at Mon May 19 06:47:49 SEAST 2025
Commit 3 at Mon May 19 06:47:50 SEAST 2025
Commit 4 at Mon May 19 06:47:55 SEAST 2025
Commit 5 at Mon May 19 06:47:58 SEAST 2025
Commit 6 at Mon May 19 06:48:02 SEAST 2025
Commit 7 at Mon May 19 06:48:03 SEAST 2025
Commit 8 at Mon May 19 06:48:06 SEAST 2025
Commit 9 at Mon May 19 06:48:09 SEAST 2025
Commit 10 at Mon May 19 06:48:14 SEAST 2025
